2015-09-01 15:20:44,336 [Worker-9] INFO  o.e.m.c.i.l.LifecycleMappingFactory - Using org.maven.ide.eclipse.wtp.WarLifecycleMapping lifecycle mapping for MavenProject: br.com.colmeia:colmeia:0.0.1-SNAPSHOT @ C:\Users\Kaenna\Documents\colmeia\C.O.L.M.E.I.A\colmeia\pom.xml.
2015-09-01 15:21:05,655 [Worker-9] INFO  o.e.m.j.i.AbstractJavaProjectConfigurator - Adding source folder /colmeia/src/main/java
2015-09-01 15:21:05,655 [Worker-9] INFO  o.e.m.j.i.AbstractJavaProjectConfigurator - Adding resource folder /colmeia/src/main/resources
2015-09-01 15:21:05,665 [Worker-9] INFO  o.e.m.j.i.AbstractJavaProjectConfigurator - Adding source folder /colmeia/src/test/java
2015-09-01 15:21:33,027 [Worker-9] INFO  o.e.m.c.i.p.ProjectConfigurationManager - Imported and configured 1 project(s) in 76 sec
2015-09-01 15:21:34,897 [Worker-8] INFO  o.e.m.c.i.l.LifecycleMappingFactory - Using org.maven.ide.eclipse.wtp.WarLifecycleMapping lifecycle mapping for MavenProject: br.com.colmeia:colmeia:0.0.1-SNAPSHOT @ C:\Users\Kaenna\Documents\colmeia\C.O.L.M.E.I.A\colmeia\pom.xml.
2015-09-01 15:22:07,513 [Worker-8] INFO  o.e.m.c.i.embedder.EclipseLogger - Using 'UTF-8' encoding to copy filtered resources.
2015-09-01 15:22:07,523 [Worker-8] INFO  o.e.m.c.i.embedder.EclipseLogger - Copying 1 resource
2015-09-01 15:22:07,593 [Worker-8] INFO  o.e.m.c.i.embedder.EclipseLogger - Using 'UTF-8' encoding to copy filtered resources.
2015-09-01 15:22:07,593 [Worker-8] INFO  o.e.m.c.i.embedder.EclipseLogger - skip non existing resourceDirectory C:\Users\Kaenna\Documents\colmeia\C.O.L.M.E.I.A\colmeia\src\test\resources
2015-09-01 15:32:23,145 [Worker-21] INFO  o.e.m.c.i.embedder.EclipseLogger - Using 'UTF-8' encoding to copy filtered resources.
2015-09-01 15:32:23,170 [Worker-21] INFO  o.e.m.c.i.embedder.EclipseLogger - Copying 0 resource
2015-09-01 15:32:23,173 [Worker-21] INFO  o.e.m.c.i.embedder.EclipseLogger - Using 'UTF-8' encoding to copy filtered resources.
2015-09-01 15:32:23,173 [Worker-21] INFO  o.e.m.c.i.embedder.EclipseLogger - skip non existing resourceDirectory C:\Users\Kaenna\Documents\colmeia\C.O.L.M.E.I.A\colmeia\src\test\resources
2015-09-01 15:33:42,216 [Worker-20] INFO  o.e.m.c.i.embedder.EclipseLogger - Using 'UTF-8' encoding to copy filtered resources.
2015-09-01 15:33:42,229 [Worker-20] INFO  o.e.m.c.i.embedder.EclipseLogger - Copying 1 resource
2015-09-01 15:33:42,232 [Worker-20] INFO  o.e.m.c.i.embedder.EclipseLogger - Using 'UTF-8' encoding to copy filtered resources.
2015-09-01 15:33:42,233 [Worker-20] INFO  o.e.m.c.i.embedder.EclipseLogger - skip non existing resourceDirectory C:\Users\Kaenna\Documents\colmeia\C.O.L.M.E.I.A\colmeia\src\test\resources
2015-09-01 15:33:56,926 [Worker-20] INFO  o.e.m.c.i.embedder.EclipseLogger - Using 'UTF-8' encoding to copy filtered resources.
2015-09-01 15:33:56,929 [Worker-20] INFO  o.e.m.c.i.embedder.EclipseLogger - Copying 1 resource
2015-09-01 15:33:56,932 [Worker-20] INFO  o.e.m.c.i.embedder.EclipseLogger - Using 'UTF-8' encoding to copy filtered resources.
2015-09-01 15:33:56,932 [Worker-20] INFO  o.e.m.c.i.embedder.EclipseLogger - skip non existing resourceDirectory C:\Users\Kaenna\Documents\colmeia\C.O.L.M.E.I.A\colmeia\src\test\resources
2015-09-01 15:39:27,453 [Worker-21] INFO  o.e.m.c.i.embedder.EclipseLogger - Using 'UTF-8' encoding to copy filtered resources.
2015-09-01 15:39:27,455 [Worker-21] INFO  o.e.m.c.i.embedder.EclipseLogger - Copying 1 resource
2015-09-01 15:39:27,459 [Worker-21] INFO  o.e.m.c.i.embedder.EclipseLogger - Using 'UTF-8' encoding to copy filtered resources.
2015-09-01 15:39:27,460 [Worker-21] INFO  o.e.m.c.i.embedder.EclipseLogger - skip non existing resourceDirectory C:\Users\Kaenna\Documents\colmeia\C.O.L.M.E.I.A\colmeia\src\test\resources
2015-09-01 15:40:25,099 [Worker-23] INFO  o.e.m.c.i.embedder.EclipseLogger - Using 'UTF-8' encoding to copy filtered resources.
2015-09-01 15:40:25,101 [Worker-23] INFO  o.e.m.c.i.embedder.EclipseLogger - Copying 1 resource
2015-09-01 15:40:25,104 [Worker-23] INFO  o.e.m.c.i.embedder.EclipseLogger - Using 'UTF-8' encoding to copy filtered resources.
2015-09-01 15:40:25,105 [Worker-23] INFO  o.e.m.c.i.embedder.EclipseLogger - skip non existing resourceDirectory C:\Users\Kaenna\Documents\colmeia\C.O.L.M.E.I.A\colmeia\src\test\resources
2015-09-01 15:40:37,097 [Worker-20] INFO  o.e.m.c.i.embedder.EclipseLogger - Using 'UTF-8' encoding to copy filtered resources.
2015-09-01 15:40:37,099 [Worker-20] INFO  o.e.m.c.i.embedder.EclipseLogger - Copying 1 resource
2015-09-01 15:40:37,103 [Worker-20] INFO  o.e.m.c.i.embedder.EclipseLogger - Using 'UTF-8' encoding to copy filtered resources.
2015-09-01 15:40:37,103 [Worker-20] INFO  o.e.m.c.i.embedder.EclipseLogger - skip non existing resourceDirectory C:\Users\Kaenna\Documents\colmeia\C.O.L.M.E.I.A\colmeia\src\test\resources
2015-09-01 15:40:51,820 [Worker-23] INFO  o.e.m.c.i.embedder.EclipseLogger - Using 'UTF-8' encoding to copy filtered resources.
2015-09-01 15:40:51,822 [Worker-23] INFO  o.e.m.c.i.embedder.EclipseLogger - Copying 1 resource
2015-09-01 15:40:51,825 [Worker-23] INFO  o.e.m.c.i.embedder.EclipseLogger - Using 'UTF-8' encoding to copy filtered resources.
2015-09-01 15:40:51,826 [Worker-23] INFO  o.e.m.c.i.embedder.EclipseLogger - skip non existing resourceDirectory C:\Users\Kaenna\Documents\colmeia\C.O.L.M.E.I.A\colmeia\src\test\resources
2015-09-01 15:44:23,002 [Worker-14] INFO  o.e.m.c.i.embedder.EclipseLogger - Using 'UTF-8' encoding to copy filtered resources.
2015-09-01 15:44:23,004 [Worker-14] INFO  o.e.m.c.i.embedder.EclipseLogger - Copying 1 resource
2015-09-01 15:44:23,008 [Worker-14] INFO  o.e.m.c.i.embedder.EclipseLogger - Using 'UTF-8' encoding to copy filtered resources.
2015-09-01 15:44:23,009 [Worker-14] INFO  o.e.m.c.i.embedder.EclipseLogger - skip non existing resourceDirectory C:\Users\Kaenna\Documents\colmeia\C.O.L.M.E.I.A\colmeia\src\test\resources
2015-09-01 15:46:30,493 [Worker-22] INFO  o.e.m.c.i.embedder.EclipseLogger - Using 'UTF-8' encoding to copy filtered resources.
2015-09-01 15:46:30,495 [Worker-22] INFO  o.e.m.c.i.embedder.EclipseLogger - Copying 1 resource
2015-09-01 15:46:30,498 [Worker-22] INFO  o.e.m.c.i.embedder.EclipseLogger - Using 'UTF-8' encoding to copy filtered resources.
2015-09-01 15:46:30,499 [Worker-22] INFO  o.e.m.c.i.embedder.EclipseLogger - skip non existing resourceDirectory C:\Users\Kaenna\Documents\colmeia\C.O.L.M.E.I.A\colmeia\src\test\resources
2015-09-01 15:47:03,088 [Worker-23] INFO  o.e.m.c.i.embedder.EclipseLogger - Using 'UTF-8' encoding to copy filtered resources.
2015-09-01 15:47:03,090 [Worker-23] INFO  o.e.m.c.i.embedder.EclipseLogger - Copying 1 resource
2015-09-01 15:47:03,094 [Worker-23] INFO  o.e.m.c.i.embedder.EclipseLogger - Using 'UTF-8' encoding to copy filtered resources.
2015-09-01 15:47:03,094 [Worker-23] INFO  o.e.m.c.i.embedder.EclipseLogger - skip non existing resourceDirectory C:\Users\Kaenna\Documents\colmeia\C.O.L.M.E.I.A\colmeia\src\test\resources
2015-09-01 15:47:26,695 [Worker-14] INFO  o.e.m.c.i.embedder.EclipseLogger - Using 'UTF-8' encoding to copy filtered resources.
2015-09-01 15:47:26,700 [Worker-14] INFO  o.e.m.c.i.embedder.EclipseLogger - Copying 1 resource
2015-09-01 15:47:26,704 [Worker-14] INFO  o.e.m.c.i.embedder.EclipseLogger - Using 'UTF-8' encoding to copy filtered resources.
2015-09-01 15:47:26,705 [Worker-14] INFO  o.e.m.c.i.embedder.EclipseLogger - skip non existing resourceDirectory C:\Users\Kaenna\Documents\colmeia\C.O.L.M.E.I.A\colmeia\src\test\resources
2015-09-01 15:48:20,078 [Worker-21] INFO  o.e.m.c.i.embedder.EclipseLogger - Using 'UTF-8' encoding to copy filtered resources.
2015-09-01 15:48:20,080 [Worker-21] INFO  o.e.m.c.i.embedder.EclipseLogger - Copying 1 resource
2015-09-01 15:48:20,083 [Worker-21] INFO  o.e.m.c.i.embedder.EclipseLogger - Using 'UTF-8' encoding to copy filtered resources.
2015-09-01 15:48:20,083 [Worker-21] INFO  o.e.m.c.i.embedder.EclipseLogger - skip non existing resourceDirectory C:\Users\Kaenna\Documents\colmeia\C.O.L.M.E.I.A\colmeia\src\test\resources
2015-09-01 15:51:35,830 [Worker-25] INFO  o.e.m.c.i.embedder.EclipseLogger - Using 'UTF-8' encoding to copy filtered resources.
2015-09-01 15:51:35,833 [Worker-25] INFO  o.e.m.c.i.embedder.EclipseLogger - Copying 1 resource
2015-09-01 15:51:35,837 [Worker-25] INFO  o.e.m.c.i.embedder.EclipseLogger - Using 'UTF-8' encoding to copy filtered resources.
2015-09-01 15:51:35,837 [Worker-25] INFO  o.e.m.c.i.embedder.EclipseLogger - skip non existing resourceDirectory C:\Users\Kaenna\Documents\colmeia\C.O.L.M.E.I.A\colmeia\src\test\resources
2015-09-01 15:51:44,234 [Worker-22] INFO  o.e.m.c.i.embedder.EclipseLogger - Using 'UTF-8' encoding to copy filtered resources.
2015-09-01 15:51:44,236 [Worker-22] INFO  o.e.m.c.i.embedder.EclipseLogger - Copying 1 resource
2015-09-01 15:51:44,239 [Worker-22] INFO  o.e.m.c.i.embedder.EclipseLogger - Using 'UTF-8' encoding to copy filtered resources.
2015-09-01 15:51:44,239 [Worker-22] INFO  o.e.m.c.i.embedder.EclipseLogger - skip non existing resourceDirectory C:\Users\Kaenna\Documents\colmeia\C.O.L.M.E.I.A\colmeia\src\test\resources
2015-09-01 15:51:57,669 [Worker-23] INFO  o.e.m.c.i.embedder.EclipseLogger - Using 'UTF-8' encoding to copy filtered resources.
2015-09-01 15:51:57,673 [Worker-23] INFO  o.e.m.c.i.embedder.EclipseLogger - Copying 1 resource
2015-09-01 15:51:57,689 [Worker-23] INFO  o.e.m.c.i.embedder.EclipseLogger - Using 'UTF-8' encoding to copy filtered resources.
2015-09-01 15:51:57,690 [Worker-23] INFO  o.e.m.c.i.embedder.EclipseLogger - skip non existing resourceDirectory C:\Users\Kaenna\Documents\colmeia\C.O.L.M.E.I.A\colmeia\src\test\resources
2015-09-01 15:52:14,472 [Worker-24] INFO  o.e.m.c.i.embedder.EclipseLogger - Using 'UTF-8' encoding to copy filtered resources.
2015-09-01 15:52:14,473 [Worker-24] INFO  o.e.m.c.i.embedder.EclipseLogger - Copying 1 resource
2015-09-01 15:52:14,476 [Worker-24] INFO  o.e.m.c.i.embedder.EclipseLogger - Using 'UTF-8' encoding to copy filtered resources.
2015-09-01 15:52:14,477 [Worker-24] INFO  o.e.m.c.i.embedder.EclipseLogger - skip non existing resourceDirectory C:\Users\Kaenna\Documents\colmeia\C.O.L.M.E.I.A\colmeia\src\test\resources
2015-09-01 15:52:20,598 [Worker-14] INFO  o.e.m.c.i.embedder.EclipseLogger - Using 'UTF-8' encoding to copy filtered resources.
2015-09-01 15:52:20,600 [Worker-14] INFO  o.e.m.c.i.embedder.EclipseLogger - Copying 1 resource
2015-09-01 15:52:20,603 [Worker-14] INFO  o.e.m.c.i.embedder.EclipseLogger - Using 'UTF-8' encoding to copy filtered resources.
2015-09-01 15:52:20,604 [Worker-14] INFO  o.e.m.c.i.embedder.EclipseLogger - skip non existing resourceDirectory C:\Users\Kaenna\Documents\colmeia\C.O.L.M.E.I.A\colmeia\src\test\resources
2015-09-01 15:52:37,826 [Worker-23] INFO  o.e.m.c.i.embedder.EclipseLogger - Using 'UTF-8' encoding to copy filtered resources.
2015-09-01 15:52:37,828 [Worker-23] INFO  o.e.m.c.i.embedder.EclipseLogger - Copying 1 resource
2015-09-01 15:52:37,830 [Worker-23] INFO  o.e.m.c.i.embedder.EclipseLogger - Using 'UTF-8' encoding to copy filtered resources.
2015-09-01 15:52:37,831 [Worker-23] INFO  o.e.m.c.i.embedder.EclipseLogger - skip non existing resourceDirectory C:\Users\Kaenna\Documents\colmeia\C.O.L.M.E.I.A\colmeia\src\test\resources
2015-09-01 15:53:31,491 [Worker-23] INFO  o.e.m.c.i.embedder.EclipseLogger - Using 'UTF-8' encoding to copy filtered resources.
2015-09-01 15:53:31,493 [Worker-23] INFO  o.e.m.c.i.embedder.EclipseLogger - Copying 1 resource
2015-09-01 15:53:31,497 [Worker-23] INFO  o.e.m.c.i.embedder.EclipseLogger - Using 'UTF-8' encoding to copy filtered resources.
2015-09-01 15:53:31,497 [Worker-23] INFO  o.e.m.c.i.embedder.EclipseLogger - skip non existing resourceDirectory C:\Users\Kaenna\Documents\colmeia\C.O.L.M.E.I.A\colmeia\src\test\resources
2015-09-01 15:53:50,344 [Worker-24] INFO  o.e.m.c.i.embedder.EclipseLogger - Using 'UTF-8' encoding to copy filtered resources.
2015-09-01 15:53:50,346 [Worker-24] INFO  o.e.m.c.i.embedder.EclipseLogger - Copying 1 resource
2015-09-01 15:53:50,350 [Worker-24] INFO  o.e.m.c.i.embedder.EclipseLogger - Using 'UTF-8' encoding to copy filtered resources.
2015-09-01 15:53:50,351 [Worker-24] INFO  o.e.m.c.i.embedder.EclipseLogger - skip non existing resourceDirectory C:\Users\Kaenna\Documents\colmeia\C.O.L.M.E.I.A\colmeia\src\test\resources
2015-09-01 15:53:59,803 [Worker-19] INFO  o.e.m.c.i.embedder.EclipseLogger - Using 'UTF-8' encoding to copy filtered resources.
2015-09-01 15:53:59,805 [Worker-19] INFO  o.e.m.c.i.embedder.EclipseLogger - Copying 1 resource
2015-09-01 15:53:59,807 [Worker-19] INFO  o.e.m.c.i.embedder.EclipseLogger - Using 'UTF-8' encoding to copy filtered resources.
2015-09-01 15:53:59,808 [Worker-19] INFO  o.e.m.c.i.embedder.EclipseLogger - skip non existing resourceDirectory C:\Users\Kaenna\Documents\colmeia\C.O.L.M.E.I.A\colmeia\src\test\resources
2015-09-01 15:54:25,045 [Worker-14] INFO  o.e.m.c.i.embedder.EclipseLogger - Using 'UTF-8' encoding to copy filtered resources.
2015-09-01 15:54:25,047 [Worker-14] INFO  o.e.m.c.i.embedder.EclipseLogger - Copying 1 resource
2015-09-01 15:54:25,050 [Worker-14] INFO  o.e.m.c.i.embedder.EclipseLogger - Using 'UTF-8' encoding to copy filtered resources.
2015-09-01 15:54:25,051 [Worker-14] INFO  o.e.m.c.i.embedder.EclipseLogger - skip non existing resourceDirectory C:\Users\Kaenna\Documents\colmeia\C.O.L.M.E.I.A\colmeia\src\test\resources
2015-09-01 16:14:53,391 [Worker-14] INFO  o.e.m.c.i.embedder.EclipseLogger - Using 'UTF-8' encoding to copy filtered resources.
2015-09-01 16:14:53,393 [Worker-14] INFO  o.e.m.c.i.embedder.EclipseLogger - Copying 1 resource
2015-09-01 16:14:53,399 [Worker-14] INFO  o.e.m.c.i.embedder.EclipseLogger - Using 'UTF-8' encoding to copy filtered resources.
2015-09-01 16:14:53,399 [Worker-14] INFO  o.e.m.c.i.embedder.EclipseLogger - skip non existing resourceDirectory C:\Users\Kaenna\Documents\colmeia\C.O.L.M.E.I.A\colmeia\src\test\resources
2015-09-01 16:15:07,172 [Worker-21] INFO  o.e.m.c.i.embedder.EclipseLogger - Using 'UTF-8' encoding to copy filtered resources.
2015-09-01 16:15:07,174 [Worker-21] INFO  o.e.m.c.i.embedder.EclipseLogger - Copying 1 resource
2015-09-01 16:15:07,177 [Worker-21] INFO  o.e.m.c.i.embedder.EclipseLogger - Using 'UTF-8' encoding to copy filtered resources.
2015-09-01 16:15:07,178 [Worker-21] INFO  o.e.m.c.i.embedder.EclipseLogger - skip non existing resourceDirectory C:\Users\Kaenna\Documents\colmeia\C.O.L.M.E.I.A\colmeia\src\test\resources
2015-09-01 16:15:16,287 [Worker-21] INFO  o.e.m.c.i.embedder.EclipseLogger - Using 'UTF-8' encoding to copy filtered resources.
2015-09-01 16:15:16,289 [Worker-21] INFO  o.e.m.c.i.embedder.EclipseLogger - Copying 1 resource
2015-09-01 16:15:16,291 [Worker-21] INFO  o.e.m.c.i.embedder.EclipseLogger - Using 'UTF-8' encoding to copy filtered resources.
2015-09-01 16:15:16,292 [Worker-21] INFO  o.e.m.c.i.embedder.EclipseLogger - skip non existing resourceDirectory C:\Users\Kaenna\Documents\colmeia\C.O.L.M.E.I.A\colmeia\src\test\resources
2015-09-01 16:15:26,414 [Worker-21] INFO  o.e.m.c.i.embedder.EclipseLogger - Using 'UTF-8' encoding to copy filtered resources.
2015-09-01 16:15:26,416 [Worker-21] INFO  o.e.m.c.i.embedder.EclipseLogger - Copying 1 resource
2015-09-01 16:15:26,418 [Worker-21] INFO  o.e.m.c.i.embedder.EclipseLogger - Using 'UTF-8' encoding to copy filtered resources.
2015-09-01 16:15:26,419 [Worker-21] INFO  o.e.m.c.i.embedder.EclipseLogger - skip non existing resourceDirectory C:\Users\Kaenna\Documents\colmeia\C.O.L.M.E.I.A\colmeia\src\test\resources
2015-09-01 16:15:36,076 [Worker-24] INFO  o.e.m.c.i.embedder.EclipseLogger - Using 'UTF-8' encoding to copy filtered resources.
2015-09-01 16:15:36,078 [Worker-24] INFO  o.e.m.c.i.embedder.EclipseLogger - Copying 1 resource
2015-09-01 16:15:36,081 [Worker-24] INFO  o.e.m.c.i.embedder.EclipseLogger - Using 'UTF-8' encoding to copy filtered resources.
2015-09-01 16:15:36,081 [Worker-24] INFO  o.e.m.c.i.embedder.EclipseLogger - skip non existing resourceDirectory C:\Users\Kaenna\Documents\colmeia\C.O.L.M.E.I.A\colmeia\src\test\resources
2015-09-01 16:15:43,146 [Worker-27] INFO  o.e.m.c.i.embedder.EclipseLogger - Using 'UTF-8' encoding to copy filtered resources.
2015-09-01 16:15:43,148 [Worker-27] INFO  o.e.m.c.i.embedder.EclipseLogger - Copying 1 resource
2015-09-01 16:15:43,151 [Worker-27] INFO  o.e.m.c.i.embedder.EclipseLogger - Using 'UTF-8' encoding to copy filtered resources.
2015-09-01 16:15:43,152 [Worker-27] INFO  o.e.m.c.i.embedder.EclipseLogger - skip non existing resourceDirectory C:\Users\Kaenna\Documents\colmeia\C.O.L.M.E.I.A\colmeia\src\test\resources
2015-09-01 16:15:51,235 [Worker-27] INFO  o.e.m.c.i.embedder.EclipseLogger - Using 'UTF-8' encoding to copy filtered resources.
2015-09-01 16:15:51,237 [Worker-27] INFO  o.e.m.c.i.embedder.EclipseLogger - Copying 1 resource
2015-09-01 16:15:51,240 [Worker-27] INFO  o.e.m.c.i.embedder.EclipseLogger - Using 'UTF-8' encoding to copy filtered resources.
2015-09-01 16:15:51,240 [Worker-27] INFO  o.e.m.c.i.embedder.EclipseLogger - skip non existing resourceDirectory C:\Users\Kaenna\Documents\colmeia\C.O.L.M.E.I.A\colmeia\src\test\resources
2015-09-01 16:15:58,153 [Worker-27] INFO  o.e.m.c.i.embedder.EclipseLogger - Using 'UTF-8' encoding to copy filtered resources.
2015-09-01 16:15:58,155 [Worker-27] INFO  o.e.m.c.i.embedder.EclipseLogger - Copying 1 resource
2015-09-01 16:15:58,158 [Worker-27] INFO  o.e.m.c.i.embedder.EclipseLogger - Using 'UTF-8' encoding to copy filtered resources.
2015-09-01 16:15:58,159 [Worker-27] INFO  o.e.m.c.i.embedder.EclipseLogger - skip non existing resourceDirectory C:\Users\Kaenna\Documents\colmeia\C.O.L.M.E.I.A\colmeia\src\test\resources
2015-09-01 16:16:06,334 [Worker-26] INFO  o.e.m.c.i.embedder.EclipseLogger - Using 'UTF-8' encoding to copy filtered resources.
2015-09-01 16:16:06,336 [Worker-26] INFO  o.e.m.c.i.embedder.EclipseLogger - Copying 1 resource
2015-09-01 16:16:06,338 [Worker-26] INFO  o.e.m.c.i.embedder.EclipseLogger - Using 'UTF-8' encoding to copy filtered resources.
2015-09-01 16:16:06,339 [Worker-26] INFO  o.e.m.c.i.embedder.EclipseLogger - skip non existing resourceDirectory C:\Users\Kaenna\Documents\colmeia\C.O.L.M.E.I.A\colmeia\src\test\resources
2015-09-01 16:16:13,230 [Worker-14] INFO  o.e.m.c.i.embedder.EclipseLogger - Using 'UTF-8' encoding to copy filtered resources.
2015-09-01 16:16:13,233 [Worker-14] INFO  o.e.m.c.i.embedder.EclipseLogger - Copying 1 resource
2015-09-01 16:16:13,236 [Worker-14] INFO  o.e.m.c.i.embedder.EclipseLogger - Using 'UTF-8' encoding to copy filtered resources.
2015-09-01 16:16:13,236 [Worker-14] INFO  o.e.m.c.i.embedder.EclipseLogger - skip non existing resourceDirectory C:\Users\Kaenna\Documents\colmeia\C.O.L.M.E.I.A\colmeia\src\test\resources
2015-09-01 16:16:20,686 [Worker-26] INFO  o.e.m.c.i.embedder.EclipseLogger - Using 'UTF-8' encoding to copy filtered resources.
2015-09-01 16:16:20,691 [Worker-26] INFO  o.e.m.c.i.embedder.EclipseLogger - Copying 1 resource
2015-09-01 16:16:20,696 [Worker-26] INFO  o.e.m.c.i.embedder.EclipseLogger - Using 'UTF-8' encoding to copy filtered resources.
2015-09-01 16:16:20,696 [Worker-26] INFO  o.e.m.c.i.embedder.EclipseLogger - skip non existing resourceDirectory C:\Users\Kaenna\Documents\colmeia\C.O.L.M.E.I.A\colmeia\src\test\resources
2015-09-01 16:16:30,118 [Worker-28] INFO  o.e.m.c.i.embedder.EclipseLogger - Using 'UTF-8' encoding to copy filtered resources.
2015-09-01 16:16:30,120 [Worker-28] INFO  o.e.m.c.i.embedder.EclipseLogger - Copying 1 resource
2015-09-01 16:16:30,123 [Worker-28] INFO  o.e.m.c.i.embedder.EclipseLogger - Using 'UTF-8' encoding to copy filtered resources.
2015-09-01 16:16:30,123 [Worker-28] INFO  o.e.m.c.i.embedder.EclipseLogger - skip non existing resourceDirectory C:\Users\Kaenna\Documents\colmeia\C.O.L.M.E.I.A\colmeia\src\test\resources
2015-09-01 16:16:37,921 [Worker-24] INFO  o.e.m.c.i.embedder.EclipseLogger - Using 'UTF-8' encoding to copy filtered resources.
2015-09-01 16:16:37,923 [Worker-24] INFO  o.e.m.c.i.embedder.EclipseLogger - Copying 1 resource
2015-09-01 16:16:37,925 [Worker-24] INFO  o.e.m.c.i.embedder.EclipseLogger - Using 'UTF-8' encoding to copy filtered resources.
2015-09-01 16:16:37,926 [Worker-24] INFO  o.e.m.c.i.embedder.EclipseLogger - skip non existing resourceDirectory C:\Users\Kaenna\Documents\colmeia\C.O.L.M.E.I.A\colmeia\src\test\resources
2015-09-01 16:17:01,670 [Worker-27] INFO  o.e.m.c.i.embedder.EclipseLogger - Using 'UTF-8' encoding to copy filtered resources.
2015-09-01 16:17:01,672 [Worker-27] INFO  o.e.m.c.i.embedder.EclipseLogger - Copying 1 resource
2015-09-01 16:17:01,674 [Worker-27] INFO  o.e.m.c.i.embedder.EclipseLogger - Using 'UTF-8' encoding to copy filtered resources.
2015-09-01 16:17:01,675 [Worker-27] INFO  o.e.m.c.i.embedder.EclipseLogger - skip non existing resourceDirectory C:\Users\Kaenna\Documents\colmeia\C.O.L.M.E.I.A\colmeia\src\test\resources
2015-09-01 16:17:03,667 [Worker-21] INFO  o.e.m.c.i.embedder.EclipseLogger - Using 'UTF-8' encoding to copy filtered resources.
2015-09-01 16:17:03,669 [Worker-21] INFO  o.e.m.c.i.embedder.EclipseLogger - Copying 1 resource
2015-09-01 16:17:03,672 [Worker-21] INFO  o.e.m.c.i.embedder.EclipseLogger - Using 'UTF-8' encoding to copy filtered resources.
2015-09-01 16:17:03,673 [Worker-21] INFO  o.e.m.c.i.embedder.EclipseLogger - skip non existing resourceDirectory C:\Users\Kaenna\Documents\colmeia\C.O.L.M.E.I.A\colmeia\src\test\resources
2015-09-01 16:19:22,559 [Worker-20] INFO  o.e.m.c.i.embedder.EclipseLogger - Using 'UTF-8' encoding to copy filtered resources.
2015-09-01 16:19:22,560 [Worker-20] INFO  o.e.m.c.i.embedder.EclipseLogger - Copying 0 resource
2015-09-01 16:19:22,609 [Worker-20] INFO  o.e.m.c.i.embedder.EclipseLogger - Using 'UTF-8' encoding to copy filtered resources.
2015-09-01 16:19:22,610 [Worker-20] INFO  o.e.m.c.i.embedder.EclipseLogger - skip non existing resourceDirectory C:\Users\Kaenna\Documents\colmeia\C.O.L.M.E.I.A\colmeia\src\test\resources
