2015-08-31 18:15:10,205[main] WARNorg.hibernate.ejb.HibernatePersistence:58-HHH015016: Encountered a deprecated javax.persistence.spi.PersistenceProvider [org.hibernate.ejb.HibernatePersistence]; use [org.hibernate.jpa.HibernatePersistenceProvider] instead.
2015-08-31 18:15:10,221[main] WARNorg.hibernate.ejb.HibernatePersistence:58-HHH015016: Encountered a deprecated javax.persistence.spi.PersistenceProvider [org.hibernate.ejb.HibernatePersistence]; use [org.hibernate.jpa.HibernatePersistenceProvider] instead.
2015-08-31 18:15:10,221[main] WARNorg.hibernate.ejb.HibernatePersistence:58-HHH015016: Encountered a deprecated javax.persistence.spi.PersistenceProvider [org.hibernate.ejb.HibernatePersistence]; use [org.hibernate.jpa.HibernatePersistenceProvider] instead.
2015-08-31 18:15:10,970[main] WARNorg.hibernate.engine.jdbc.connections.internal.DriverManagerConnectionProviderImpl:93-HHH000402: Using Hibernate built-in connection pool (not for production use!)
2015-09-01 16:18:41,382[main] WARNorg.hibernate.ejb.HibernatePersistence:58-HHH015016: Encountered a deprecated javax.persistence.spi.PersistenceProvider [org.hibernate.ejb.HibernatePersistence]; use [org.hibernate.jpa.HibernatePersistenceProvider] instead.
2015-09-01 16:18:41,391[main] WARNorg.hibernate.ejb.HibernatePersistence:58-HHH015016: Encountered a deprecated javax.persistence.spi.PersistenceProvider [org.hibernate.ejb.HibernatePersistence]; use [org.hibernate.jpa.HibernatePersistenceProvider] instead.
2015-09-01 16:18:41,392[main] WARNorg.hibernate.ejb.HibernatePersistence:58-HHH015016: Encountered a deprecated javax.persistence.spi.PersistenceProvider [org.hibernate.ejb.HibernatePersistence]; use [org.hibernate.jpa.HibernatePersistenceProvider] instead.
2015-09-01 16:18:42,174[main] WARNorg.hibernate.engine.jdbc.connections.internal.DriverManagerConnectionProviderImpl:93-HHH000402: Using Hibernate built-in connection pool (not for production use!)
2015-09-02 18:25:44,606[main] WARNorg.hibernate.ejb.HibernatePersistence:58-HHH015016: Encountered a deprecated javax.persistence.spi.PersistenceProvider [org.hibernate.ejb.HibernatePersistence]; use [org.hibernate.jpa.HibernatePersistenceProvider] instead.
2015-09-02 18:25:44,616[main] WARNorg.hibernate.ejb.HibernatePersistence:58-HHH015016: Encountered a deprecated javax.persistence.spi.PersistenceProvider [org.hibernate.ejb.HibernatePersistence]; use [org.hibernate.jpa.HibernatePersistenceProvider] instead.
2015-09-02 18:25:44,617[main] WARNorg.hibernate.ejb.HibernatePersistence:58-HHH015016: Encountered a deprecated javax.persistence.spi.PersistenceProvider [org.hibernate.ejb.HibernatePersistence]; use [org.hibernate.jpa.HibernatePersistenceProvider] instead.
2015-09-02 18:25:46,613[main] WARNorg.hibernate.engine.jdbc.connections.internal.DriverManagerConnectionProviderImpl:93-HHH000402: Using Hibernate built-in connection pool (not for production use!)
2015-09-03 15:19:11,301[main] WARNorg.hibernate.ejb.HibernatePersistence:58-HHH015016: Encountered a deprecated javax.persistence.spi.PersistenceProvider [org.hibernate.ejb.HibernatePersistence]; use [org.hibernate.jpa.HibernatePersistenceProvider] instead.
2015-09-03 15:19:11,324[main] WARNorg.hibernate.ejb.HibernatePersistence:58-HHH015016: Encountered a deprecated javax.persistence.spi.PersistenceProvider [org.hibernate.ejb.HibernatePersistence]; use [org.hibernate.jpa.HibernatePersistenceProvider] instead.
2015-09-03 15:19:11,327[main] WARNorg.hibernate.ejb.HibernatePersistence:58-HHH015016: Encountered a deprecated javax.persistence.spi.PersistenceProvider [org.hibernate.ejb.HibernatePersistence]; use [org.hibernate.jpa.HibernatePersistenceProvider] instead.
2015-09-03 15:19:13,483[main] WARNorg.hibernate.engine.jdbc.connections.internal.DriverManagerConnectionProviderImpl:93-HHH000402: Using Hibernate built-in connection pool (not for production use!)
2015-09-04 18:30:18,746[main] WARNorg.hibernate.ejb.HibernatePersistence:58-HHH015016: Encountered a deprecated javax.persistence.spi.PersistenceProvider [org.hibernate.ejb.HibernatePersistence]; use [org.hibernate.jpa.HibernatePersistenceProvider] instead.
2015-09-04 18:30:18,775[main] WARNorg.hibernate.ejb.HibernatePersistence:58-HHH015016: Encountered a deprecated javax.persistence.spi.PersistenceProvider [org.hibernate.ejb.HibernatePersistence]; use [org.hibernate.jpa.HibernatePersistenceProvider] instead.
2015-09-04 18:30:18,777[main] WARNorg.hibernate.ejb.HibernatePersistence:58-HHH015016: Encountered a deprecated javax.persistence.spi.PersistenceProvider [org.hibernate.ejb.HibernatePersistence]; use [org.hibernate.jpa.HibernatePersistenceProvider] instead.
2015-09-04 18:30:21,016[main] WARNorg.hibernate.engine.jdbc.connections.internal.DriverManagerConnectionProviderImpl:93-HHH000402: Using Hibernate built-in connection pool (not for production use!)
2015-09-05 16:05:50,157[main] WARNorg.hibernate.ejb.HibernatePersistence:58-HHH015016: Encountered a deprecated javax.persistence.spi.PersistenceProvider [org.hibernate.ejb.HibernatePersistence]; use [org.hibernate.jpa.HibernatePersistenceProvider] instead.
2015-09-05 16:05:50,171[main] WARNorg.hibernate.ejb.HibernatePersistence:58-HHH015016: Encountered a deprecated javax.persistence.spi.PersistenceProvider [org.hibernate.ejb.HibernatePersistence]; use [org.hibernate.jpa.HibernatePersistenceProvider] instead.
2015-09-05 16:05:50,173[main] WARNorg.hibernate.ejb.HibernatePersistence:58-HHH015016: Encountered a deprecated javax.persistence.spi.PersistenceProvider [org.hibernate.ejb.HibernatePersistence]; use [org.hibernate.jpa.HibernatePersistenceProvider] instead.
2015-09-05 16:05:51,938[main] WARNorg.hibernate.engine.jdbc.connections.internal.DriverManagerConnectionProviderImpl:93-HHH000402: Using Hibernate built-in connection pool (not for production use!)
2015-09-06 08:09:30,793[main] WARNorg.hibernate.ejb.HibernatePersistence:58-HHH015016: Encountered a deprecated javax.persistence.spi.PersistenceProvider [org.hibernate.ejb.HibernatePersistence]; use [org.hibernate.jpa.HibernatePersistenceProvider] instead.
2015-09-06 08:09:30,806[main] WARNorg.hibernate.ejb.HibernatePersistence:58-HHH015016: Encountered a deprecated javax.persistence.spi.PersistenceProvider [org.hibernate.ejb.HibernatePersistence]; use [org.hibernate.jpa.HibernatePersistenceProvider] instead.
2015-09-06 08:09:30,807[main] WARNorg.hibernate.ejb.HibernatePersistence:58-HHH015016: Encountered a deprecated javax.persistence.spi.PersistenceProvider [org.hibernate.ejb.HibernatePersistence]; use [org.hibernate.jpa.HibernatePersistenceProvider] instead.
2015-09-06 08:09:32,623[main] WARNorg.hibernate.engine.jdbc.connections.internal.DriverManagerConnectionProviderImpl:93-HHH000402: Using Hibernate built-in connection pool (not for production use!)
2015-09-06 11:31:49,288[main] WARNorg.hibernate.ejb.HibernatePersistence:58-HHH015016: Encountered a deprecated javax.persistence.spi.PersistenceProvider [org.hibernate.ejb.HibernatePersistence]; use [org.hibernate.jpa.HibernatePersistenceProvider] instead.
2015-09-06 11:31:49,308[main] WARNorg.hibernate.ejb.HibernatePersistence:58-HHH015016: Encountered a deprecated javax.persistence.spi.PersistenceProvider [org.hibernate.ejb.HibernatePersistence]; use [org.hibernate.jpa.HibernatePersistenceProvider] instead.
2015-09-06 11:31:49,309[main] WARNorg.hibernate.ejb.HibernatePersistence:58-HHH015016: Encountered a deprecated javax.persistence.spi.PersistenceProvider [org.hibernate.ejb.HibernatePersistence]; use [org.hibernate.jpa.HibernatePersistenceProvider] instead.
2015-09-06 11:31:51,050[main] WARNorg.hibernate.engine.jdbc.connections.internal.DriverManagerConnectionProviderImpl:93-HHH000402: Using Hibernate built-in connection pool (not for production use!)
2015-09-06 11:33:17,289[main] WARNorg.hibernate.ejb.HibernatePersistence:58-HHH015016: Encountered a deprecated javax.persistence.spi.PersistenceProvider [org.hibernate.ejb.HibernatePersistence]; use [org.hibernate.jpa.HibernatePersistenceProvider] instead.
2015-09-06 11:33:17,305[main] WARNorg.hibernate.ejb.HibernatePersistence:58-HHH015016: Encountered a deprecated javax.persistence.spi.PersistenceProvider [org.hibernate.ejb.HibernatePersistence]; use [org.hibernate.jpa.HibernatePersistenceProvider] instead.
2015-09-06 11:33:17,306[main] WARNorg.hibernate.ejb.HibernatePersistence:58-HHH015016: Encountered a deprecated javax.persistence.spi.PersistenceProvider [org.hibernate.ejb.HibernatePersistence]; use [org.hibernate.jpa.HibernatePersistenceProvider] instead.
2015-09-06 11:33:19,298[main] WARNorg.hibernate.engine.jdbc.connections.internal.DriverManagerConnectionProviderImpl:93-HHH000402: Using Hibernate built-in connection pool (not for production use!)
2015-09-07 19:13:55,253[main] WARNorg.hibernate.ejb.HibernatePersistence:58-HHH015016: Encountered a deprecated javax.persistence.spi.PersistenceProvider [org.hibernate.ejb.HibernatePersistence]; use [org.hibernate.jpa.HibernatePersistenceProvider] instead.
2015-09-07 19:13:55,298[main] WARNorg.hibernate.ejb.HibernatePersistence:58-HHH015016: Encountered a deprecated javax.persistence.spi.PersistenceProvider [org.hibernate.ejb.HibernatePersistence]; use [org.hibernate.jpa.HibernatePersistenceProvider] instead.
2015-09-07 19:13:55,300[main] WARNorg.hibernate.ejb.HibernatePersistence:58-HHH015016: Encountered a deprecated javax.persistence.spi.PersistenceProvider [org.hibernate.ejb.HibernatePersistence]; use [org.hibernate.jpa.HibernatePersistenceProvider] instead.
2015-09-07 19:13:57,800[main] WARNorg.hibernate.engine.jdbc.connections.internal.DriverManagerConnectionProviderImpl:93-HHH000402: Using Hibernate built-in connection pool (not for production use!)
2015-09-07 19:14:37,071[main] WARNorg.hibernate.ejb.HibernatePersistence:58-HHH015016: Encountered a deprecated javax.persistence.spi.PersistenceProvider [org.hibernate.ejb.HibernatePersistence]; use [org.hibernate.jpa.HibernatePersistenceProvider] instead.
2015-09-07 19:14:37,081[main] WARNorg.hibernate.ejb.HibernatePersistence:58-HHH015016: Encountered a deprecated javax.persistence.spi.PersistenceProvider [org.hibernate.ejb.HibernatePersistence]; use [org.hibernate.jpa.HibernatePersistenceProvider] instead.
2015-09-07 19:14:37,082[main] WARNorg.hibernate.ejb.HibernatePersistence:58-HHH015016: Encountered a deprecated javax.persistence.spi.PersistenceProvider [org.hibernate.ejb.HibernatePersistence]; use [org.hibernate.jpa.HibernatePersistenceProvider] instead.
2015-09-07 19:14:38,806[main] WARNorg.hibernate.engine.jdbc.connections.internal.DriverManagerConnectionProviderImpl:93-HHH000402: Using Hibernate built-in connection pool (not for production use!)
2015-09-07 19:16:24,682[main] WARNorg.hibernate.ejb.HibernatePersistence:58-HHH015016: Encountered a deprecated javax.persistence.spi.PersistenceProvider [org.hibernate.ejb.HibernatePersistence]; use [org.hibernate.jpa.HibernatePersistenceProvider] instead.
2015-09-07 19:16:24,691[main] WARNorg.hibernate.ejb.HibernatePersistence:58-HHH015016: Encountered a deprecated javax.persistence.spi.PersistenceProvider [org.hibernate.ejb.HibernatePersistence]; use [org.hibernate.jpa.HibernatePersistenceProvider] instead.
2015-09-07 19:16:24,698[main] WARNorg.hibernate.ejb.HibernatePersistence:58-HHH015016: Encountered a deprecated javax.persistence.spi.PersistenceProvider [org.hibernate.ejb.HibernatePersistence]; use [org.hibernate.jpa.HibernatePersistenceProvider] instead.
2015-09-07 19:16:26,376[main] WARNorg.hibernate.engine.jdbc.connections.internal.DriverManagerConnectionProviderImpl:93-HHH000402: Using Hibernate built-in connection pool (not for production use!)
2015-09-07 19:17:19,280[main] WARNorg.hibernate.ejb.HibernatePersistence:58-HHH015016: Encountered a deprecated javax.persistence.spi.PersistenceProvider [org.hibernate.ejb.HibernatePersistence]; use [org.hibernate.jpa.HibernatePersistenceProvider] instead.
2015-09-07 19:17:19,288[main] WARNorg.hibernate.ejb.HibernatePersistence:58-HHH015016: Encountered a deprecated javax.persistence.spi.PersistenceProvider [org.hibernate.ejb.HibernatePersistence]; use [org.hibernate.jpa.HibernatePersistenceProvider] instead.
2015-09-07 19:17:19,294[main] WARNorg.hibernate.ejb.HibernatePersistence:58-HHH015016: Encountered a deprecated javax.persistence.spi.PersistenceProvider [org.hibernate.ejb.HibernatePersistence]; use [org.hibernate.jpa.HibernatePersistenceProvider] instead.
2015-09-07 19:17:21,295[main] WARNorg.hibernate.engine.jdbc.connections.internal.DriverManagerConnectionProviderImpl:93-HHH000402: Using Hibernate built-in connection pool (not for production use!)
2015-09-07 19:17:56,564[main] WARNorg.hibernate.ejb.HibernatePersistence:58-HHH015016: Encountered a deprecated javax.persistence.spi.PersistenceProvider [org.hibernate.ejb.HibernatePersistence]; use [org.hibernate.jpa.HibernatePersistenceProvider] instead.
2015-09-07 19:17:56,573[main] WARNorg.hibernate.ejb.HibernatePersistence:58-HHH015016: Encountered a deprecated javax.persistence.spi.PersistenceProvider [org.hibernate.ejb.HibernatePersistence]; use [org.hibernate.jpa.HibernatePersistenceProvider] instead.
2015-09-07 19:17:56,581[main] WARNorg.hibernate.ejb.HibernatePersistence:58-HHH015016: Encountered a deprecated javax.persistence.spi.PersistenceProvider [org.hibernate.ejb.HibernatePersistence]; use [org.hibernate.jpa.HibernatePersistenceProvider] instead.
2015-09-07 19:17:58,934[main] WARNorg.hibernate.engine.jdbc.connections.internal.DriverManagerConnectionProviderImpl:93-HHH000402: Using Hibernate built-in connection pool (not for production use!)
2015-09-07 19:19:04,504[main] WARNorg.hibernate.ejb.HibernatePersistence:58-HHH015016: Encountered a deprecated javax.persistence.spi.PersistenceProvider [org.hibernate.ejb.HibernatePersistence]; use [org.hibernate.jpa.HibernatePersistenceProvider] instead.
2015-09-07 19:19:04,543[main] WARNorg.hibernate.ejb.HibernatePersistence:58-HHH015016: Encountered a deprecated javax.persistence.spi.PersistenceProvider [org.hibernate.ejb.HibernatePersistence]; use [org.hibernate.jpa.HibernatePersistenceProvider] instead.
2015-09-07 19:19:04,564[main] WARNorg.hibernate.ejb.HibernatePersistence:58-HHH015016: Encountered a deprecated javax.persistence.spi.PersistenceProvider [org.hibernate.ejb.HibernatePersistence]; use [org.hibernate.jpa.HibernatePersistenceProvider] instead.
2015-09-07 19:19:26,255[main] WARNorg.hibernate.engine.jdbc.connections.internal.DriverManagerConnectionProviderImpl:93-HHH000402: Using Hibernate built-in connection pool (not for production use!)
2015-09-07 19:35:18,395[main] WARNorg.hibernate.ejb.HibernatePersistence:58-HHH015016: Encountered a deprecated javax.persistence.spi.PersistenceProvider [org.hibernate.ejb.HibernatePersistence]; use [org.hibernate.jpa.HibernatePersistenceProvider] instead.
2015-09-07 19:35:18,418[main] WARNorg.hibernate.ejb.HibernatePersistence:58-HHH015016: Encountered a deprecated javax.persistence.spi.PersistenceProvider [org.hibernate.ejb.HibernatePersistence]; use [org.hibernate.jpa.HibernatePersistenceProvider] instead.
2015-09-07 19:35:18,421[main] WARNorg.hibernate.ejb.HibernatePersistence:58-HHH015016: Encountered a deprecated javax.persistence.spi.PersistenceProvider [org.hibernate.ejb.HibernatePersistence]; use [org.hibernate.jpa.HibernatePersistenceProvider] instead.
2015-09-07 19:35:20,217[main] WARNorg.hibernate.engine.jdbc.connections.internal.DriverManagerConnectionProviderImpl:93-HHH000402: Using Hibernate built-in connection pool (not for production use!)
2015-09-07 19:35:24,609[main]ERRORorg.hibernate.hql.internal.ast.ErrorCounter:78-<AST>:0:0: unexpected end of subtree
2015-09-07 19:35:24,612[main]ERRORorg.hibernate.hql.internal.ast.ErrorCounter:73-<AST>:0:0: unexpected end of subtree
<AST>:0:0: unexpected end of subtree
	at org.hibernate.hql.internal.antlr.HqlSqlBaseWalker.fromElementList(HqlSqlBaseWalker.java:3572)
	at org.hibernate.hql.internal.antlr.HqlSqlBaseWalker.fromClause(HqlSqlBaseWalker.java:708)
	at org.hibernate.hql.internal.antlr.HqlSqlBaseWalker.query(HqlSqlBaseWalker.java:564)
	at org.hibernate.hql.internal.antlr.HqlSqlBaseWalker.selectStatement(HqlSqlBaseWalker.java:301)
	at org.hibernate.hql.internal.antlr.HqlSqlBaseWalker.statement(HqlSqlBaseWalker.java:249)
	at org.hibernate.hql.internal.ast.QueryTranslatorImpl.analyze(QueryTranslatorImpl.java:278)
	at org.hibernate.hql.internal.ast.QueryTranslatorImpl.doCompile(QueryTranslatorImpl.java:206)
	at org.hibernate.hql.internal.ast.QueryTranslatorImpl.compile(QueryTranslatorImpl.java:158)
	at org.hibernate.engine.query.spi.HQLQueryPlan.<init>(HQLQueryPlan.java:126)
	at org.hibernate.engine.query.spi.HQLQueryPlan.<init>(HQLQueryPlan.java:88)
	at org.hibernate.engine.query.spi.QueryPlanCache.getHQLQueryPlan(QueryPlanCache.java:167)
	at org.hibernate.internal.AbstractSessionImpl.getHQLQueryPlan(AbstractSessionImpl.java:301)
	at org.hibernate.internal.AbstractSessionImpl.createQuery(AbstractSessionImpl.java:236)
	at org.hibernate.internal.SessionImpl.createQuery(SessionImpl.java:1800)
	at org.hibernate.jpa.spi.AbstractEntityManagerImpl.createQuery(AbstractEntityManagerImpl.java:342)
	at br.com.colmeia.model.utils.HibernateUtil.getCurrentDate(HibernateUtil.java:42)
	at br.com.colmeia.model.persistence.dao.imp.UsuarioHibernateDAO.<init>(UsuarioHibernateDAO.java:25)
	at br.com.asap.casosdeteste.UsuarioTeste.insertTest(UsuarioTeste.java:27)
	at sun.reflect.NativeMethodAccessorImpl.invoke0(Native Method)
	at sun.reflect.NativeMethodAccessorImpl.invoke(Unknown Source)
	at sun.reflect.DelegatingMethodAccessorImpl.invoke(Unknown Source)
	at java.lang.reflect.Method.invoke(Unknown Source)
	at org.junit.runners.model.FrameworkMethod$1.runReflectiveCall(FrameworkMethod.java:47)
	at org.junit.internal.runners.model.ReflectiveCallable.run(ReflectiveCallable.java:12)
	at org.junit.runners.model.FrameworkMethod.invokeExplosively(FrameworkMethod.java:44)
	at org.junit.internal.runners.statements.InvokeMethod.evaluate(InvokeMethod.java:17)
	at org.junit.runners.ParentRunner.runLeaf(ParentRunner.java:271)
	at org.junit.runners.BlockJUnit4ClassRunner.runChild(BlockJUnit4ClassRunner.java:70)
	at org.junit.runners.BlockJUnit4ClassRunner.runChild(BlockJUnit4ClassRunner.java:50)
	at org.junit.runners.ParentRunner$3.run(ParentRunner.java:238)
	at org.junit.runners.ParentRunner$1.schedule(ParentRunner.java:63)
	at org.junit.runners.ParentRunner.runChildren(ParentRunner.java:236)
	at org.junit.runners.ParentRunner.access$000(ParentRunner.java:53)
	at org.junit.runners.ParentRunner$2.evaluate(ParentRunner.java:229)
	at org.junit.runners.ParentRunner.run(ParentRunner.java:309)
	at org.eclipse.jdt.internal.junit4.runner.JUnit4TestReference.run(JUnit4TestReference.java:86)
	at org.eclipse.jdt.internal.junit.runner.TestExecution.run(TestExecution.java:38)
	at org.eclipse.jdt.internal.junit.runner.RemoteTestRunner.runTests(RemoteTestRunner.java:459)
	at org.eclipse.jdt.internal.junit.runner.RemoteTestRunner.runTests(RemoteTestRunner.java:675)
	at org.eclipse.jdt.internal.junit.runner.RemoteTestRunner.run(RemoteTestRunner.java:382)
	at org.eclipse.jdt.internal.junit.runner.RemoteTestRunner.main(RemoteTestRunner.java:192)
2015-09-07 19:38:48,641[main] WARNorg.hibernate.ejb.HibernatePersistence:58-HHH015016: Encountered a deprecated javax.persistence.spi.PersistenceProvider [org.hibernate.ejb.HibernatePersistence]; use [org.hibernate.jpa.HibernatePersistenceProvider] instead.
2015-09-07 19:38:48,656[main] WARNorg.hibernate.ejb.HibernatePersistence:58-HHH015016: Encountered a deprecated javax.persistence.spi.PersistenceProvider [org.hibernate.ejb.HibernatePersistence]; use [org.hibernate.jpa.HibernatePersistenceProvider] instead.
2015-09-07 19:38:48,658[main] WARNorg.hibernate.ejb.HibernatePersistence:58-HHH015016: Encountered a deprecated javax.persistence.spi.PersistenceProvider [org.hibernate.ejb.HibernatePersistence]; use [org.hibernate.jpa.HibernatePersistenceProvider] instead.
2015-09-07 19:38:50,763[main] WARNorg.hibernate.engine.jdbc.connections.internal.DriverManagerConnectionProviderImpl:93-HHH000402: Using Hibernate built-in connection pool (not for production use!)
2015-09-07 19:40:58,478[main] WARNorg.hibernate.ejb.HibernatePersistence:58-HHH015016: Encountered a deprecated javax.persistence.spi.PersistenceProvider [org.hibernate.ejb.HibernatePersistence]; use [org.hibernate.jpa.HibernatePersistenceProvider] instead.
2015-09-07 19:40:58,490[main] WARNorg.hibernate.ejb.HibernatePersistence:58-HHH015016: Encountered a deprecated javax.persistence.spi.PersistenceProvider [org.hibernate.ejb.HibernatePersistence]; use [org.hibernate.jpa.HibernatePersistenceProvider] instead.
2015-09-07 19:40:58,497[main] WARNorg.hibernate.ejb.HibernatePersistence:58-HHH015016: Encountered a deprecated javax.persistence.spi.PersistenceProvider [org.hibernate.ejb.HibernatePersistence]; use [org.hibernate.jpa.HibernatePersistenceProvider] instead.
2015-09-07 19:41:00,397[main] WARNorg.hibernate.engine.jdbc.connections.internal.DriverManagerConnectionProviderImpl:93-HHH000402: Using Hibernate built-in connection pool (not for production use!)
2015-09-07 19:41:04,333[main]ERRORorg.hibernate.hql.internal.ast.ErrorCounter:78-<AST>:0:0: unexpected end of subtree
2015-09-07 19:41:04,336[main]ERRORorg.hibernate.hql.internal.ast.ErrorCounter:73-<AST>:0:0: unexpected end of subtree
<AST>:0:0: unexpected end of subtree
	at org.hibernate.hql.internal.antlr.HqlSqlBaseWalker.fromElementList(HqlSqlBaseWalker.java:3572)
	at org.hibernate.hql.internal.antlr.HqlSqlBaseWalker.fromClause(HqlSqlBaseWalker.java:708)
	at org.hibernate.hql.internal.antlr.HqlSqlBaseWalker.query(HqlSqlBaseWalker.java:564)
	at org.hibernate.hql.internal.antlr.HqlSqlBaseWalker.selectStatement(HqlSqlBaseWalker.java:301)
	at org.hibernate.hql.internal.antlr.HqlSqlBaseWalker.statement(HqlSqlBaseWalker.java:249)
	at org.hibernate.hql.internal.ast.QueryTranslatorImpl.analyze(QueryTranslatorImpl.java:278)
	at org.hibernate.hql.internal.ast.QueryTranslatorImpl.doCompile(QueryTranslatorImpl.java:206)
	at org.hibernate.hql.internal.ast.QueryTranslatorImpl.compile(QueryTranslatorImpl.java:158)
	at org.hibernate.engine.query.spi.HQLQueryPlan.<init>(HQLQueryPlan.java:126)
	at org.hibernate.engine.query.spi.HQLQueryPlan.<init>(HQLQueryPlan.java:88)
	at org.hibernate.engine.query.spi.QueryPlanCache.getHQLQueryPlan(QueryPlanCache.java:167)
	at org.hibernate.internal.AbstractSessionImpl.getHQLQueryPlan(AbstractSessionImpl.java:301)
	at org.hibernate.internal.AbstractSessionImpl.createQuery(AbstractSessionImpl.java:236)
	at org.hibernate.internal.SessionImpl.createQuery(SessionImpl.java:1800)
	at org.hibernate.jpa.spi.AbstractEntityManagerImpl.createQuery(AbstractEntityManagerImpl.java:342)
	at br.com.colmeia.model.utils.HibernateUtil.getCurrentDate(HibernateUtil.java:42)
	at br.com.asap.casosdeteste.Teste.main(Teste.java:7)
2015-09-07 19:43:02,734[main] WARNorg.hibernate.ejb.HibernatePersistence:58-HHH015016: Encountered a deprecated javax.persistence.spi.PersistenceProvider [org.hibernate.ejb.HibernatePersistence]; use [org.hibernate.jpa.HibernatePersistenceProvider] instead.
2015-09-07 19:43:02,742[main] WARNorg.hibernate.ejb.HibernatePersistence:58-HHH015016: Encountered a deprecated javax.persistence.spi.PersistenceProvider [org.hibernate.ejb.HibernatePersistence]; use [org.hibernate.jpa.HibernatePersistenceProvider] instead.
2015-09-07 19:43:02,748[main] WARNorg.hibernate.ejb.HibernatePersistence:58-HHH015016: Encountered a deprecated javax.persistence.spi.PersistenceProvider [org.hibernate.ejb.HibernatePersistence]; use [org.hibernate.jpa.HibernatePersistenceProvider] instead.
2015-09-07 19:43:04,673[main] WARNorg.hibernate.engine.jdbc.connections.internal.DriverManagerConnectionProviderImpl:93-HHH000402: Using Hibernate built-in connection pool (not for production use!)
2015-09-07 19:43:08,807[main]ERRORorg.hibernate.hql.internal.ast.ErrorCounter:78-<AST>:0:0: unexpected end of subtree
2015-09-07 19:43:08,811[main]ERRORorg.hibernate.hql.internal.ast.ErrorCounter:73-<AST>:0:0: unexpected end of subtree
<AST>:0:0: unexpected end of subtree
	at org.hibernate.hql.internal.antlr.HqlSqlBaseWalker.fromElementList(HqlSqlBaseWalker.java:3572)
	at org.hibernate.hql.internal.antlr.HqlSqlBaseWalker.fromClause(HqlSqlBaseWalker.java:708)
	at org.hibernate.hql.internal.antlr.HqlSqlBaseWalker.query(HqlSqlBaseWalker.java:564)
	at org.hibernate.hql.internal.antlr.HqlSqlBaseWalker.selectStatement(HqlSqlBaseWalker.java:301)
	at org.hibernate.hql.internal.antlr.HqlSqlBaseWalker.statement(HqlSqlBaseWalker.java:249)
	at org.hibernate.hql.internal.ast.QueryTranslatorImpl.analyze(QueryTranslatorImpl.java:278)
	at org.hibernate.hql.internal.ast.QueryTranslatorImpl.doCompile(QueryTranslatorImpl.java:206)
	at org.hibernate.hql.internal.ast.QueryTranslatorImpl.compile(QueryTranslatorImpl.java:158)
	at org.hibernate.engine.query.spi.HQLQueryPlan.<init>(HQLQueryPlan.java:126)
	at org.hibernate.engine.query.spi.HQLQueryPlan.<init>(HQLQueryPlan.java:88)
	at org.hibernate.engine.query.spi.QueryPlanCache.getHQLQueryPlan(QueryPlanCache.java:167)
	at org.hibernate.internal.AbstractSessionImpl.getHQLQueryPlan(AbstractSessionImpl.java:301)
	at org.hibernate.internal.AbstractSessionImpl.createQuery(AbstractSessionImpl.java:236)
	at org.hibernate.internal.SessionImpl.createQuery(SessionImpl.java:1800)
	at org.hibernate.jpa.spi.AbstractEntityManagerImpl.createQuery(AbstractEntityManagerImpl.java:328)
	at br.com.colmeia.model.utils.HibernateUtil.getCurrentDate(HibernateUtil.java:42)
	at br.com.asap.casosdeteste.Teste.main(Teste.java:7)
2015-09-07 19:43:54,595[main] WARNorg.hibernate.ejb.HibernatePersistence:58-HHH015016: Encountered a deprecated javax.persistence.spi.PersistenceProvider [org.hibernate.ejb.HibernatePersistence]; use [org.hibernate.jpa.HibernatePersistenceProvider] instead.
2015-09-07 19:43:54,601[main] WARNorg.hibernate.ejb.HibernatePersistence:58-HHH015016: Encountered a deprecated javax.persistence.spi.PersistenceProvider [org.hibernate.ejb.HibernatePersistence]; use [org.hibernate.jpa.HibernatePersistenceProvider] instead.
2015-09-07 19:43:54,606[main] WARNorg.hibernate.ejb.HibernatePersistence:58-HHH015016: Encountered a deprecated javax.persistence.spi.PersistenceProvider [org.hibernate.ejb.HibernatePersistence]; use [org.hibernate.jpa.HibernatePersistenceProvider] instead.
2015-09-07 19:43:56,489[main] WARNorg.hibernate.engine.jdbc.connections.internal.DriverManagerConnectionProviderImpl:93-HHH000402: Using Hibernate built-in connection pool (not for production use!)
2015-09-07 19:44:00,724[main]ERRORorg.hibernate.hql.internal.ast.ErrorCounter:78-<AST>:0:0: unexpected end of subtree
2015-09-07 19:44:00,728[main]ERRORorg.hibernate.hql.internal.ast.ErrorCounter:73-<AST>:0:0: unexpected end of subtree
<AST>:0:0: unexpected end of subtree
	at org.hibernate.hql.internal.antlr.HqlSqlBaseWalker.fromElementList(HqlSqlBaseWalker.java:3572)
	at org.hibernate.hql.internal.antlr.HqlSqlBaseWalker.fromClause(HqlSqlBaseWalker.java:708)
	at org.hibernate.hql.internal.antlr.HqlSqlBaseWalker.query(HqlSqlBaseWalker.java:564)
	at org.hibernate.hql.internal.antlr.HqlSqlBaseWalker.selectStatement(HqlSqlBaseWalker.java:301)
	at org.hibernate.hql.internal.antlr.HqlSqlBaseWalker.statement(HqlSqlBaseWalker.java:249)
	at org.hibernate.hql.internal.ast.QueryTranslatorImpl.analyze(QueryTranslatorImpl.java:278)
	at org.hibernate.hql.internal.ast.QueryTranslatorImpl.doCompile(QueryTranslatorImpl.java:206)
	at org.hibernate.hql.internal.ast.QueryTranslatorImpl.compile(QueryTranslatorImpl.java:158)
	at org.hibernate.engine.query.spi.HQLQueryPlan.<init>(HQLQueryPlan.java:126)
	at org.hibernate.engine.query.spi.HQLQueryPlan.<init>(HQLQueryPlan.java:88)
	at org.hibernate.engine.query.spi.QueryPlanCache.getHQLQueryPlan(QueryPlanCache.java:167)
	at org.hibernate.internal.AbstractSessionImpl.getHQLQueryPlan(AbstractSessionImpl.java:301)
	at org.hibernate.internal.AbstractSessionImpl.createQuery(AbstractSessionImpl.java:236)
	at org.hibernate.internal.SessionImpl.createQuery(SessionImpl.java:1800)
	at org.hibernate.jpa.spi.AbstractEntityManagerImpl.createQuery(AbstractEntityManagerImpl.java:328)
	at br.com.colmeia.model.utils.HibernateUtil.getCurrentDate(HibernateUtil.java:42)
	at br.com.asap.casosdeteste.Teste.main(Teste.java:7)
2015-09-07 19:44:37,710[main] WARNorg.hibernate.ejb.HibernatePersistence:58-HHH015016: Encountered a deprecated javax.persistence.spi.PersistenceProvider [org.hibernate.ejb.HibernatePersistence]; use [org.hibernate.jpa.HibernatePersistenceProvider] instead.
2015-09-07 19:44:37,720[main] WARNorg.hibernate.ejb.HibernatePersistence:58-HHH015016: Encountered a deprecated javax.persistence.spi.PersistenceProvider [org.hibernate.ejb.HibernatePersistence]; use [org.hibernate.jpa.HibernatePersistenceProvider] instead.
2015-09-07 19:44:37,731[main] WARNorg.hibernate.ejb.HibernatePersistence:58-HHH015016: Encountered a deprecated javax.persistence.spi.PersistenceProvider [org.hibernate.ejb.HibernatePersistence]; use [org.hibernate.jpa.HibernatePersistenceProvider] instead.
2015-09-07 19:44:39,601[main] WARNorg.hibernate.engine.jdbc.connections.internal.DriverManagerConnectionProviderImpl:93-HHH000402: Using Hibernate built-in connection pool (not for production use!)
2015-09-07 19:45:11,243[main] WARNorg.hibernate.ejb.HibernatePersistence:58-HHH015016: Encountered a deprecated javax.persistence.spi.PersistenceProvider [org.hibernate.ejb.HibernatePersistence]; use [org.hibernate.jpa.HibernatePersistenceProvider] instead.
2015-09-07 19:45:11,262[main] WARNorg.hibernate.ejb.HibernatePersistence:58-HHH015016: Encountered a deprecated javax.persistence.spi.PersistenceProvider [org.hibernate.ejb.HibernatePersistence]; use [org.hibernate.jpa.HibernatePersistenceProvider] instead.
2015-09-07 19:45:11,270[main] WARNorg.hibernate.ejb.HibernatePersistence:58-HHH015016: Encountered a deprecated javax.persistence.spi.PersistenceProvider [org.hibernate.ejb.HibernatePersistence]; use [org.hibernate.jpa.HibernatePersistenceProvider] instead.
2015-09-07 19:45:11,340[main] WARNorg.hibernate.ejb.HibernatePersistence:58-HHH015016: Encountered a deprecated javax.persistence.spi.PersistenceProvider [org.hibernate.ejb.HibernatePersistence]; use [org.hibernate.jpa.HibernatePersistenceProvider] instead.
2015-09-07 19:45:11,349[main] WARNorg.hibernate.ejb.HibernatePersistence:58-HHH015016: Encountered a deprecated javax.persistence.spi.PersistenceProvider [org.hibernate.ejb.HibernatePersistence]; use [org.hibernate.jpa.HibernatePersistenceProvider] instead.
2015-09-07 19:45:11,359[main] WARNorg.hibernate.ejb.HibernatePersistence:58-HHH015016: Encountered a deprecated javax.persistence.spi.PersistenceProvider [org.hibernate.ejb.HibernatePersistence]; use [org.hibernate.jpa.HibernatePersistenceProvider] instead.
2015-09-07 19:45:12,971[main] WARNorg.hibernate.engine.jdbc.connections.internal.DriverManagerConnectionProviderImpl:93-HHH000402: Using Hibernate built-in connection pool (not for production use!)
2015-09-07 19:45:13,057[main] WARNorg.hibernate.engine.jdbc.connections.internal.DriverManagerConnectionProviderImpl:93-HHH000402: Using Hibernate built-in connection pool (not for production use!)
2015-09-07 19:50:23,535[main] WARNorg.hibernate.ejb.HibernatePersistence:58-HHH015016: Encountered a deprecated javax.persistence.spi.PersistenceProvider [org.hibernate.ejb.HibernatePersistence]; use [org.hibernate.jpa.HibernatePersistenceProvider] instead.
2015-09-07 19:50:23,544[main] WARNorg.hibernate.ejb.HibernatePersistence:58-HHH015016: Encountered a deprecated javax.persistence.spi.PersistenceProvider [org.hibernate.ejb.HibernatePersistence]; use [org.hibernate.jpa.HibernatePersistenceProvider] instead.
2015-09-07 19:50:23,552[main] WARNorg.hibernate.ejb.HibernatePersistence:58-HHH015016: Encountered a deprecated javax.persistence.spi.PersistenceProvider [org.hibernate.ejb.HibernatePersistence]; use [org.hibernate.jpa.HibernatePersistenceProvider] instead.
2015-09-07 19:50:25,338[main] WARNorg.hibernate.engine.jdbc.connections.internal.DriverManagerConnectionProviderImpl:93-HHH000402: Using Hibernate built-in connection pool (not for production use!)
2015-09-07 19:50:29,143[main]ERRORorg.hibernate.hql.internal.ast.ErrorCounter:78-line 1:19: unexpected token: NOW
2015-09-07 19:50:29,145[main]ERRORorg.hibernate.hql.internal.ast.ErrorCounter:73-line 1:19: unexpected token: NOW
line 1:19: unexpected token: NOW
	at org.hibernate.hql.internal.antlr.HqlBaseParser.fromRange(HqlBaseParser.java:1544)
	at org.hibernate.hql.internal.antlr.HqlBaseParser.fromClause(HqlBaseParser.java:1368)
	at org.hibernate.hql.internal.antlr.HqlBaseParser.selectFrom(HqlBaseParser.java:1086)
	at org.hibernate.hql.internal.antlr.HqlBaseParser.queryRule(HqlBaseParser.java:731)
	at org.hibernate.hql.internal.antlr.HqlBaseParser.selectStatement(HqlBaseParser.java:323)
	at org.hibernate.hql.internal.antlr.HqlBaseParser.statement(HqlBaseParser.java:186)
	at org.hibernate.hql.internal.ast.QueryTranslatorImpl.parse(QueryTranslatorImpl.java:295)
	at org.hibernate.hql.internal.ast.QueryTranslatorImpl.doCompile(QueryTranslatorImpl.java:203)
	at org.hibernate.hql.internal.ast.QueryTranslatorImpl.compile(QueryTranslatorImpl.java:158)
	at org.hibernate.engine.query.spi.HQLQueryPlan.<init>(HQLQueryPlan.java:126)
	at org.hibernate.engine.query.spi.HQLQueryPlan.<init>(HQLQueryPlan.java:88)
	at org.hibernate.engine.query.spi.QueryPlanCache.getHQLQueryPlan(QueryPlanCache.java:167)
	at org.hibernate.internal.AbstractSessionImpl.getHQLQueryPlan(AbstractSessionImpl.java:301)
	at org.hibernate.internal.AbstractSessionImpl.createQuery(AbstractSessionImpl.java:236)
	at org.hibernate.internal.SessionImpl.createQuery(SessionImpl.java:1800)
	at org.hibernate.jpa.spi.AbstractEntityManagerImpl.createQuery(AbstractEntityManagerImpl.java:328)
	at br.com.colmeia.model.utils.HibernateUtil.getCurrentDate(HibernateUtil.java:42)
	at br.com.asap.casosdeteste.Teste.main(Teste.java:7)
2015-09-08 11:14:21,258[main] WARNorg.hibernate.ejb.HibernatePersistence:58-HHH015016: Encountered a deprecated javax.persistence.spi.PersistenceProvider [org.hibernate.ejb.HibernatePersistence]; use [org.hibernate.jpa.HibernatePersistenceProvider] instead.
2015-09-08 11:14:21,340[main] WARNorg.hibernate.ejb.HibernatePersistence:58-HHH015016: Encountered a deprecated javax.persistence.spi.PersistenceProvider [org.hibernate.ejb.HibernatePersistence]; use [org.hibernate.jpa.HibernatePersistenceProvider] instead.
2015-09-08 11:14:21,349[main] WARNorg.hibernate.ejb.HibernatePersistence:58-HHH015016: Encountered a deprecated javax.persistence.spi.PersistenceProvider [org.hibernate.ejb.HibernatePersistence]; use [org.hibernate.jpa.HibernatePersistenceProvider] instead.
2015-09-08 11:14:23,291[main] WARNorg.hibernate.engine.jdbc.connections.internal.DriverManagerConnectionProviderImpl:93-HHH000402: Using Hibernate built-in connection pool (not for production use!)
2015-09-08 11:14:49,065[main] WARNorg.hibernate.ejb.HibernatePersistence:58-HHH015016: Encountered a deprecated javax.persistence.spi.PersistenceProvider [org.hibernate.ejb.HibernatePersistence]; use [org.hibernate.jpa.HibernatePersistenceProvider] instead.
2015-09-08 11:14:49,074[main] WARNorg.hibernate.ejb.HibernatePersistence:58-HHH015016: Encountered a deprecated javax.persistence.spi.PersistenceProvider [org.hibernate.ejb.HibernatePersistence]; use [org.hibernate.jpa.HibernatePersistenceProvider] instead.
2015-09-08 11:14:49,082[main] WARNorg.hibernate.ejb.HibernatePersistence:58-HHH015016: Encountered a deprecated javax.persistence.spi.PersistenceProvider [org.hibernate.ejb.HibernatePersistence]; use [org.hibernate.jpa.HibernatePersistenceProvider] instead.
2015-09-08 11:14:51,208[main] WARNorg.hibernate.engine.jdbc.connections.internal.DriverManagerConnectionProviderImpl:93-HHH000402: Using Hibernate built-in connection pool (not for production use!)
2015-09-08 11:16:00,542[main] WARNorg.hibernate.ejb.HibernatePersistence:58-HHH015016: Encountered a deprecated javax.persistence.spi.PersistenceProvider [org.hibernate.ejb.HibernatePersistence]; use [org.hibernate.jpa.HibernatePersistenceProvider] instead.
2015-09-08 11:16:00,551[main] WARNorg.hibernate.ejb.HibernatePersistence:58-HHH015016: Encountered a deprecated javax.persistence.spi.PersistenceProvider [org.hibernate.ejb.HibernatePersistence]; use [org.hibernate.jpa.HibernatePersistenceProvider] instead.
2015-09-08 11:16:00,559[main] WARNorg.hibernate.ejb.HibernatePersistence:58-HHH015016: Encountered a deprecated javax.persistence.spi.PersistenceProvider [org.hibernate.ejb.HibernatePersistence]; use [org.hibernate.jpa.HibernatePersistenceProvider] instead.
2015-09-08 11:16:02,503[main] WARNorg.hibernate.engine.jdbc.connections.internal.DriverManagerConnectionProviderImpl:93-HHH000402: Using Hibernate built-in connection pool (not for production use!)
2015-09-08 11:16:06,483[main]ERRORorg.hibernate.hql.internal.ast.ErrorCounter:78-<AST>:0:0: unexpected end of subtree
2015-09-08 11:16:06,487[main]ERRORorg.hibernate.hql.internal.ast.ErrorCounter:73-<AST>:0:0: unexpected end of subtree
<AST>:0:0: unexpected end of subtree
	at org.hibernate.hql.internal.antlr.HqlSqlBaseWalker.fromElementList(HqlSqlBaseWalker.java:3572)
	at org.hibernate.hql.internal.antlr.HqlSqlBaseWalker.fromClause(HqlSqlBaseWalker.java:708)
	at org.hibernate.hql.internal.antlr.HqlSqlBaseWalker.query(HqlSqlBaseWalker.java:564)
	at org.hibernate.hql.internal.antlr.HqlSqlBaseWalker.selectStatement(HqlSqlBaseWalker.java:301)
	at org.hibernate.hql.internal.antlr.HqlSqlBaseWalker.statement(HqlSqlBaseWalker.java:249)
	at org.hibernate.hql.internal.ast.QueryTranslatorImpl.analyze(QueryTranslatorImpl.java:278)
	at org.hibernate.hql.internal.ast.QueryTranslatorImpl.doCompile(QueryTranslatorImpl.java:206)
	at org.hibernate.hql.internal.ast.QueryTranslatorImpl.compile(QueryTranslatorImpl.java:158)
	at org.hibernate.engine.query.spi.HQLQueryPlan.<init>(HQLQueryPlan.java:126)
	at org.hibernate.engine.query.spi.HQLQueryPlan.<init>(HQLQueryPlan.java:88)
	at org.hibernate.engine.query.spi.QueryPlanCache.getHQLQueryPlan(QueryPlanCache.java:167)
	at org.hibernate.internal.AbstractSessionImpl.getHQLQueryPlan(AbstractSessionImpl.java:301)
	at org.hibernate.internal.AbstractSessionImpl.createQuery(AbstractSessionImpl.java:236)
	at org.hibernate.internal.SessionImpl.createQuery(SessionImpl.java:1800)
	at org.hibernate.jpa.spi.AbstractEntityManagerImpl.createQuery(AbstractEntityManagerImpl.java:328)
	at br.com.colmeia.model.utils.HibernateUtil.getCurrentDate(HibernateUtil.java:42)
	at br.com.asap.casosdeteste.Teste.main(Teste.java:9)
